This is pdfTeX, Version 3.14159265-2.6-1.40.21 (TeX Live 2020/Debian) (preloaded format=pdflatex 2021.2.27)  22 JUL 2021 17:47
entering extended mode
 restricted \write18 enabled.
 %&-line parsing enabled.
**/tmp/Rtmp5XBH2Z/preview-246dd52ef89e1.dir/ExhaustiveSearch.tex
(/tmp/Rtmp5XBH2Z/preview-246dd52ef89e1.dir/ExhaustiveSearch.tex
LaTeX2e <2020-02-02> patch level 5
L3 programming layer <2020-07-17> (/usr/share/texlive/texmf-dist/tex/latex/base
/article.cls
Document Class: article 2019/12/20 v1.4l Standard LaTeX document class
(/usr/share/texlive/texmf-dist/tex/latex/base/size10.clo
File: size10.clo 2019/12/20 v1.4l Standard LaTeX file (size option)
)
\c@part=\count168
\c@section=\count169
\c@subsection=\count170
\c@subsubsection=\count171
\c@paragraph=\count172
\c@subparagraph=\count173
\c@figure=\count174
\c@table=\count175
\abovecaptionskip=\skip47
\belowcaptionskip=\skip48
\bibindent=\dimen134
) (/usr/share/texmf/tex/latex/lm/lmodern.sty
Package: lmodern 2009/10/30 v1.6 Latin Modern Fonts
LaTeX Font Info:    Overwriting symbol font `operators' in version `normal'
(Font)                  OT1/cmr/m/n --> OT1/lmr/m/n on input line 22.
LaTeX Font Info:    Overwriting symbol font `letters' in version `normal'
(Font)                  OML/cmm/m/it --> OML/lmm/m/it on input line 23.
LaTeX Font Info:    Overwriting symbol font `symbols' in version `normal'
(Font)                  OMS/cmsy/m/n --> OMS/lmsy/m/n on input line 24.
LaTeX Font Info:    Overwriting symbol font `largesymbols' in version `normal'
(Font)                  OMX/cmex/m/n --> OMX/lmex/m/n on input line 25.
LaTeX Font Info:    Overwriting symbol font `operators' in version `bold'
(Font)                  OT1/cmr/bx/n --> OT1/lmr/bx/n on input line 26.
LaTeX Font Info:    Overwriting symbol font `letters' in version `bold'
(Font)                  OML/cmm/b/it --> OML/lmm/b/it on input line 27.
LaTeX Font Info:    Overwriting symbol font `symbols' in version `bold'
(Font)                  OMS/cmsy/b/n --> OMS/lmsy/b/n on input line 28.
LaTeX Font Info:    Overwriting symbol font `largesymbols' in version `bold'
(Font)                  OMX/cmex/m/n --> OMX/lmex/m/n on input line 29.
LaTeX Font Info:    Overwriting math alphabet `\mathbf' in version `normal'
(Font)                  OT1/cmr/bx/n --> OT1/lmr/bx/n on input line 31.
LaTeX Font Info:    Overwriting math alphabet `\mathsf' in version `normal'
(Font)                  OT1/cmss/m/n --> OT1/lmss/m/n on input line 32.
LaTeX Font Info:    Overwriting math alphabet `\mathit' in version `normal'
(Font)                  OT1/cmr/m/it --> OT1/lmr/m/it on input line 33.
LaTeX Font Info:    Overwriting math alphabet `\mathtt' in version `normal'
(Font)                  OT1/cmtt/m/n --> OT1/lmtt/m/n on input line 34.
LaTeX Font Info:    Overwriting math alphabet `\mathbf' in version `bold'
(Font)                  OT1/cmr/bx/n --> OT1/lmr/bx/n on input line 35.
LaTeX Font Info:    Overwriting math alphabet `\mathsf' in version `bold'
(Font)                  OT1/cmss/bx/n --> OT1/lmss/bx/n on input line 36.
LaTeX Font Info:    Overwriting math alphabet `\mathit' in version `bold'
(Font)                  OT1/cmr/bx/it --> OT1/lmr/bx/it on input line 37.
LaTeX Font Info:    Overwriting math alphabet `\mathtt' in version `bold'
(Font)                  OT1/cmtt/m/n --> OT1/lmtt/m/n on input line 38.
) (/usr/share/texlive/texmf-dist/tex/latex/amsfonts/amssymb.sty
Package: amssymb 2013/01/14 v3.01 AMS font symbols
(/usr/share/texlive/texmf-dist/tex/latex/amsfonts/amsfonts.sty
Package: amsfonts 2013/01/14 v3.01 Basic AMSFonts support
\@emptytoks=\toks15
\symAMSa=\mathgroup4
\symAMSb=\mathgroup5
LaTeX Font Info:    Redeclaring math symbol \hbar on input line 98.
LaTeX Font Info:    Overwriting math alphabet `\mathfrak' in version `bold'
(Font)                  U/euf/m/n --> U/euf/b/n on input line 106.
)) (/usr/share/texlive/texmf-dist/tex/latex/amsmath/amsmath.sty
Package: amsmath 2020/01/20 v2.17e AMS math features
\@mathmargin=\skip49
For additional information on amsmath, use the `?' option.
(/usr/share/texlive/texmf-dist/tex/latex/amsmath/amstext.sty
Package: amstext 2000/06/29 v2.01 AMS text
(/usr/share/texlive/texmf-dist/tex/latex/amsmath/amsgen.sty
File: amsgen.sty 1999/11/30 v2.0 generic functions
\@emptytoks=\toks16
\ex@=\dimen135
)) (/usr/share/texlive/texmf-dist/tex/latex/amsmath/amsbsy.sty
Package: amsbsy 1999/11/29 v1.2d Bold Symbols
\pmbraise@=\dimen136
) (/usr/share/texlive/texmf-dist/tex/latex/amsmath/amsopn.sty
Package: amsopn 2016/03/08 v2.02 operator names
)
\inf@bad=\count176
LaTeX Info: Redefining \frac on input line 227.
\uproot@=\count177
\leftroot@=\count178
LaTeX Info: Redefining \overline on input line 389.
\classnum@=\count179
\DOTSCASE@=\count180
LaTeX Info: Redefining \ldots on input line 486.
LaTeX Info: Redefining \dots on input line 489.
LaTeX Info: Redefining \cdots on input line 610.
\Mathstrutbox@=\box45
\strutbox@=\box46
\big@size=\dimen137
LaTeX Font Info:    Redeclaring font encoding OML on input line 733.
LaTeX Font Info:    Redeclaring font encoding OMS on input line 734.
\macc@depth=\count181
\c@MaxMatrixCols=\count182
\dotsspace@=\muskip16
\c@parentequation=\count183
\dspbrk@lvl=\count184
\tag@help=\toks17
\row@=\count185
\column@=\count186
\maxfields@=\count187
\andhelp@=\toks18
\eqnshift@=\dimen138
\alignsep@=\dimen139
\tagshift@=\dimen140
\tagwidth@=\dimen141
\totwidth@=\dimen142
\lineht@=\dimen143
\@envbody=\toks19
\multlinegap=\skip50
\multlinetaggap=\skip51
\mathdisplay@stack=\toks20
LaTeX Info: Redefining \[ on input line 2859.
LaTeX Info: Redefining \] on input line 2860.
) (/usr/share/texlive/texmf-dist/tex/generic/iftex/ifxetex.sty
Package: ifxetex 2019/10/25 v0.7 ifxetex legacy package. Use iftex instead.
(/usr/share/texlive/texmf-dist/tex/generic/iftex/iftex.sty
Package: iftex 2020/03/06 v1.0d TeX engine tests
)) (/usr/share/texlive/texmf-dist/tex/generic/iftex/ifluatex.sty
Package: ifluatex 2019/10/25 v1.5 ifluatex legacy package. Use iftex instead.
) (/usr/share/texlive/texmf-dist/tex/latex/base/fixltx2e.sty
Package: fixltx2e 2016/12/29 v2.1a fixes to LaTeX (obsolete)
Applying: [2015/01/01] Old fixltx2e package on input line 46.

Package fixltx2e Warning: fixltx2e is not required with releases after 2015
(fixltx2e)                All fixes are now in the LaTeX kernel.
(fixltx2e)                See the latexrelease package for details.

Already applied: [0000/00/00] Old fixltx2e package on input line 53.
) (/usr/share/texlive/texmf-dist/tex/latex/base/fontenc.sty
Package: fontenc 2020/02/11 v2.0o Standard LaTeX package
LaTeX Font Info:    Trying to load font information for T1+lmr on input line 11
2.
(/usr/share/texmf/tex/latex/lm/t1lmr.fd
File: t1lmr.fd 2009/10/30 v1.6 Font defs for Latin Modern
)) (/usr/share/texlive/texmf-dist/tex/latex/base/inputenc.sty
Package: inputenc 2018/08/11 v1.3c Input encoding file
\inpenc@prehook=\toks21
\inpenc@posthook=\toks22
) (/usr/share/texlive/texmf-dist/tex/latex/upquote/upquote.sty
Package: upquote 2012/04/19 v1.3 upright-quote and grave-accent glyphs in verba
tim
(/usr/share/texlive/texmf-dist/tex/latex/base/textcomp.sty
Package: textcomp 2020/02/02 v2.0n Standard LaTeX package
)) (/usr/share/texlive/texmf-dist/tex/latex/microtype/microtype.sty
Package: microtype 2019/11/18 v2.7d Micro-typographical refinements (RS)
(/usr/share/texlive/texmf-dist/tex/latex/graphics/keyval.sty
Package: keyval 2014/10/28 v1.15 key=value parser (DPC)
\KV@toks@=\toks23
)
\MT@toks=\toks24
\MT@count=\count188
LaTeX Info: Redefining \textls on input line 790.
\MT@outer@kern=\dimen144
LaTeX Info: Redefining \textmicrotypecontext on input line 1354.
\MT@listname@count=\count189
(/usr/share/texlive/texmf-dist/tex/latex/microtype/microtype-pdftex.def
File: microtype-pdftex.def 2019/11/18 v2.7d Definitions specific to pdftex (RS)

LaTeX Info: Redefining \lsstyle on input line 914.
LaTeX Info: Redefining \lslig on input line 914.
\MT@outer@space=\skip52
)
Package microtype Info: Loading configuration file microtype.cfg.
(/usr/share/texlive/texmf-dist/tex/latex/microtype/microtype.cfg
File: microtype.cfg 2019/11/18 v2.7d microtype main configuration file (RS)
)) (/usr/share/texlive/texmf-dist/tex/latex/hyperref/hyperref.sty
Package: hyperref 2020-05-15 v7.00e Hypertext links for LaTeX
(/usr/share/texlive/texmf-dist/tex/generic/ltxcmds/ltxcmds.sty
Package: ltxcmds 2019/12/15 v1.24 LaTeX kernel commands for general use (HO)
) (/usr/share/texlive/texmf-dist/tex/generic/pdftexcmds/pdftexcmds.sty
Package: pdftexcmds 2020-06-27 v0.33 Utility functions of pdfTeX for LuaTeX (HO
)
(/usr/share/texlive/texmf-dist/tex/generic/infwarerr/infwarerr.sty
Package: infwarerr 2019/12/03 v1.5 Providing info/warning/error messages (HO)
)
Package pdftexcmds Info: \pdf@primitive is available.
Package pdftexcmds Info: \pdf@ifprimitive is available.
Package pdftexcmds Info: \pdfdraftmode found.
) (/usr/share/texlive/texmf-dist/tex/generic/kvsetkeys/kvsetkeys.sty
Package: kvsetkeys 2019/12/15 v1.18 Key value parser (HO)
) (/usr/share/texlive/texmf-dist/tex/generic/kvdefinekeys/kvdefinekeys.sty
Package: kvdefinekeys 2019-12-19 v1.6 Define keys (HO)
) (/usr/share/texlive/texmf-dist/tex/generic/pdfescape/pdfescape.sty
Package: pdfescape 2019/12/09 v1.15 Implements pdfTeX's escape features (HO)
) (/usr/share/texlive/texmf-dist/tex/latex/hycolor/hycolor.sty
Package: hycolor 2020-01-27 v1.10 Color options for hyperref/bookmark (HO)
) (/usr/share/texlive/texmf-dist/tex/latex/letltxmacro/letltxmacro.sty
Package: letltxmacro 2019/12/03 v1.6 Let assignment for LaTeX macros (HO)
) (/usr/share/texlive/texmf-dist/tex/latex/auxhook/auxhook.sty
Package: auxhook 2019-12-17 v1.6 Hooks for auxiliary files (HO)
) (/usr/share/texlive/texmf-dist/tex/latex/kvoptions/kvoptions.sty
Package: kvoptions 2019/11/29 v3.13 Key value format for package options (HO)
)
\@linkdim=\dimen145
\Hy@linkcounter=\count190
\Hy@pagecounter=\count191
(/usr/share/texlive/texmf-dist/tex/latex/hyperref/pd1enc.def
File: pd1enc.def 2020-05-15 v7.00e Hyperref: PDFDocEncoding definition (HO)
Now handling font encoding PD1 ...
... no UTF-8 mapping file for font encoding PD1
) (/usr/share/texlive/texmf-dist/tex/generic/intcalc/intcalc.sty
Package: intcalc 2019/12/15 v1.3 Expandable calculations with integers (HO)
) (/usr/share/texlive/texmf-dist/tex/generic/etexcmds/etexcmds.sty
Package: etexcmds 2019/12/15 v1.7 Avoid name clashes with e-TeX commands (HO)
)
\Hy@SavedSpaceFactor=\count192
Package hyperref Info: Option `unicode' set `true' on input line 4338.
(/usr/share/texlive/texmf-dist/tex/latex/hyperref/puenc.def
File: puenc.def 2020-05-15 v7.00e Hyperref: PDF Unicode definition (HO)
Now handling font encoding PU ...
... no UTF-8 mapping file for font encoding PU
)
Package hyperref Info: Hyper figures OFF on input line 4464.
Package hyperref Info: Link nesting OFF on input line 4469.
Package hyperref Info: Hyper index ON on input line 4472.
Package hyperref Info: Plain pages OFF on input line 4479.
Package hyperref Info: Backreferencing OFF on input line 4484.
Package hyperref Info: Implicit mode ON; LaTeX internals redefined.
Package hyperref Info: Bookmarks ON on input line 4717.
\c@Hy@tempcnt=\count193
(/usr/share/texlive/texmf-dist/tex/latex/url/url.sty
\Urlmuskip=\muskip17
Package: url 2013/09/16  ver 3.4  Verb mode for urls, etc.
)
LaTeX Info: Redefining \url on input line 5076.
\XeTeXLinkMargin=\dimen146
(/usr/share/texlive/texmf-dist/tex/generic/bitset/bitset.sty
Package: bitset 2019/12/09 v1.3 Handle bit-vector datatype (HO)
(/usr/share/texlive/texmf-dist/tex/generic/bigintcalc/bigintcalc.sty
Package: bigintcalc 2019/12/15 v1.5 Expandable calculations on big integers (HO
)
))
\Fld@menulength=\count194
\Field@Width=\dimen147
\Fld@charsize=\dimen148
Package hyperref Info: Hyper figures OFF on input line 6347.
Package hyperref Info: Link nesting OFF on input line 6352.
Package hyperref Info: Hyper index ON on input line 6355.
Package hyperref Info: backreferencing OFF on input line 6362.
Package hyperref Info: Link coloring OFF on input line 6367.
Package hyperref Info: Link coloring with OCG OFF on input line 6372.
Package hyperref Info: PDF/A mode OFF on input line 6377.
LaTeX Info: Redefining \ref on input line 6417.
LaTeX Info: Redefining \pageref on input line 6421.
(/usr/share/texlive/texmf-dist/tex/generic/atbegshi/atbegshi.sty
Package: atbegshi 2019/12/05 v1.19 At begin shipout hook (HO)
)
\Hy@abspage=\count195
\c@Item=\count196
\c@Hfootnote=\count197
)
Package hyperref Info: Driver (autodetected): hpdftex.
(/usr/share/texlive/texmf-dist/tex/latex/hyperref/hpdftex.def
File: hpdftex.def 2020-05-15 v7.00e Hyperref driver for pdfTeX
(/usr/share/texlive/texmf-dist/tex/latex/atveryend/atveryend.sty
Package: atveryend 2019-12-11 v1.11 Hooks at the very end of document (HO)
Package atveryend Info: \enddocument detected (standard20110627).
)
\Fld@listcount=\count198
\c@bookmark@seq@number=\count199
(/usr/share/texlive/texmf-dist/tex/latex/rerunfilecheck/rerunfilecheck.sty
Package: rerunfilecheck 2019/12/05 v1.9 Rerun checks for auxiliary files (HO)
(/usr/share/texlive/texmf-dist/tex/generic/uniquecounter/uniquecounter.sty
Package: uniquecounter 2019/12/15 v1.4 Provide unlimited unique counter (HO)
)
Package uniquecounter Info: New unique counter `rerunfilecheck' on input line 2
86.
)
\Hy@SectionHShift=\skip53
)
Package hyperref Info: Option `breaklinks' set `true' on input line 29.
(/usr/share/texlive/texmf-dist/tex/latex/geometry/geometry.sty
Package: geometry 2020/01/02 v5.9 Page Geometry
(/usr/share/texlive/texmf-dist/tex/generic/iftex/ifvtex.sty
Package: ifvtex 2019/10/25 v1.7 ifvtex legacy package. Use iftex instead.
)
\Gm@cnth=\count266
\Gm@cntv=\count267
\c@Gm@tempcnt=\count268
\Gm@bindingoffset=\dimen149
\Gm@wd@mp=\dimen150
\Gm@odd@mp=\dimen151
\Gm@even@mp=\dimen152
\Gm@layoutwidth=\dimen153
\Gm@layoutheight=\dimen154
\Gm@layouthoffset=\dimen155
\Gm@layoutvoffset=\dimen156
\Gm@dimlist=\toks25
) (/usr/share/texlive/texmf-dist/tex/latex/graphics/color.sty
Package: color 2019/11/23 v1.2a Standard LaTeX Color (DPC)
(/usr/share/texlive/texmf-dist/tex/latex/graphics-cfg/color.cfg
File: color.cfg 2016/01/02 v1.6 sample color configuration
)
Package color Info: Driver file: pdftex.def on input line 147.
(/usr/share/texlive/texmf-dist/tex/latex/graphics-def/pdftex.def
File: pdftex.def 2018/01/08 v1.0l Graphics/color driver for pdftex
)) (/usr/share/texlive/texmf-dist/tex/latex/fancyvrb/fancyvrb.sty
Package: fancyvrb 2020/05/03 v3.6 verbatim text (tvz,hv)
\FV@CodeLineNo=\count269
\FV@InFile=\read2
\FV@TabBox=\box47
\c@FancyVerbLine=\count270
\FV@StepNumber=\count271
\FV@OutFile=\write3
) (/usr/share/texlive/texmf-dist/tex/latex/framed/framed.sty
Package: framed 2011/10/22 v 0.96: framed or shaded text with page breaks
\OuterFrameSep=\skip54
\fb@frw=\dimen157
\fb@frh=\dimen158
\FrameRule=\dimen159
\FrameSep=\dimen160
) (/usr/share/texlive/texmf-dist/tex/latex/graphics/graphicx.sty
Package: graphicx 2019/11/30 v1.2a Enhanced LaTeX Graphics (DPC,SPQR)
(/usr/share/texlive/texmf-dist/tex/latex/graphics/graphics.sty
Package: graphics 2019/11/30 v1.4a Standard LaTeX Graphics (DPC,SPQR)
(/usr/share/texlive/texmf-dist/tex/latex/graphics/trig.sty
Package: trig 2016/01/03 v1.10 sin cos tan (DPC)
) (/usr/share/texlive/texmf-dist/tex/latex/graphics-cfg/graphics.cfg
File: graphics.cfg 2016/06/04 v1.11 sample graphics configuration
)
Package graphics Info: Driver file: pdftex.def on input line 105.
)
\Gin@req@height=\dimen161
\Gin@req@width=\dimen162
) (/usr/share/texlive/texmf-dist/tex/latex/grffile/grffile.sty
Package: grffile 2019/11/11 v2.1 Extended file name support for graphics (legac
y)
Package grffile Info: This package is an empty stub for compatibility on input 
line 40.
) (/usr/share/texlive/texmf-dist/tex/latex/parskip/parskip.sty
Package: parskip 2020-06-15 v2.0f non-zero parskip adjustments
(/usr/share/texlive/texmf-dist/tex/latex/etoolbox/etoolbox.sty
Package: etoolbox 2020/07/15 v2.5i e-TeX tools for LaTeX (JAW)
\etb@tempcnta=\count272
)) (/usr/share/texlive/texmf-dist/tex/latex/l3backend/l3backend-pdfmode.def
File: l3backend-pdfmode.def 2020-06-29 L3 backend support: PDF mode
\l__kernel_color_stack_int=\count273
\l__pdf_internal_box=\box48
) (./ExhaustiveSearch.aux

LaTeX Warning: Label `id' multiply defined.

)
\openout1 = `ExhaustiveSearch.aux'.

LaTeX Font Info:    Checking defaults for OML/cmm/m/it on input line 111.
LaTeX Font Info:    ... okay on input line 111.
LaTeX Font Info:    Checking defaults for OMS/cmsy/m/n on input line 111.
LaTeX Font Info:    ... okay on input line 111.
LaTeX Font Info:    Checking defaults for OT1/cmr/m/n on input line 111.
LaTeX Font Info:    ... okay on input line 111.
LaTeX Font Info:    Checking defaults for T1/cmr/m/n on input line 111.
LaTeX Font Info:    ... okay on input line 111.
LaTeX Font Info:    Checking defaults for TS1/cmr/m/n on input line 111.
LaTeX Font Info:    ... okay on input line 111.
LaTeX Font Info:    Checking defaults for OMX/cmex/m/n on input line 111.
LaTeX Font Info:    ... okay on input line 111.
LaTeX Font Info:    Checking defaults for U/cmr/m/n on input line 111.
LaTeX Font Info:    ... okay on input line 111.
LaTeX Font Info:    Checking defaults for PD1/pdf/m/n on input line 111.
LaTeX Font Info:    ... okay on input line 111.
LaTeX Font Info:    Checking defaults for PU/pdf/m/n on input line 111.
LaTeX Font Info:    ... okay on input line 111.
LaTeX Info: Redefining \microtypecontext on input line 111.
Package microtype Info: Generating PDF output.
Package microtype Info: Character protrusion enabled (level 2).
Package microtype Info: Using protrusion set `basicmath'.
Package microtype Info: Automatic font expansion enabled (level 2),
(microtype)             stretch: 20, shrink: 20, step: 1, non-selected.
Package microtype Info: Using default expansion set `basictext'.
LaTeX Info: Redefining \showhyphens on input line 111.
Package microtype Info: No adjustment of tracking.
Package microtype Info: No adjustment of interword spacing.
Package microtype Info: No adjustment of character kerning.
(/usr/share/texlive/texmf-dist/tex/latex/microtype/mt-cmr.cfg
File: mt-cmr.cfg 2013/05/19 v2.2 microtype config. file: Computer Modern Roman 
(RS)
)
\AtBeginShipoutBox=\box49
Package hyperref Info: Link coloring OFF on input line 111.
(/usr/share/texlive/texmf-dist/tex/latex/hyperref/nameref.sty
Package: nameref 2019/09/16 v2.46 Cross-referencing by name of section
(/usr/share/texlive/texmf-dist/tex/latex/refcount/refcount.sty
Package: refcount 2019/12/15 v3.6 Data extraction from label references (HO)
) (/usr/share/texlive/texmf-dist/tex/generic/gettitlestring/gettitlestring.sty
Package: gettitlestring 2019/12/15 v1.6 Cleanup title references (HO)
)
\c@section@level=\count274
)
LaTeX Info: Redefining \ref on input line 111.
LaTeX Info: Redefining \pageref on input line 111.
LaTeX Info: Redefining \nameref on input line 111.
(./ExhaustiveSearch.out) (./ExhaustiveSearch.out)
\@outlinefile=\write4
\openout4 = `ExhaustiveSearch.out'.

*geometry* driver: auto-detecting
*geometry* detected driver: pdftex
*geometry* verbose mode - [ preamble ] result:
* driver: pdftex
* paper: <default>
* layout: <same size as paper>
* layoutoffset:(h,v)=(0.0pt,0.0pt)
* modes: 
* h-part:(L,W,R)=(72.26999pt, 469.75502pt, 72.26999pt)
* v-part:(T,H,B)=(72.26999pt, 650.43001pt, 72.26999pt)
* \paperwidth=614.295pt
* \paperheight=794.96999pt
* \textwidth=469.75502pt
* \textheight=650.43001pt
* \oddsidemargin=0.0pt
* \evensidemargin=0.0pt
* \topmargin=-37.0pt
* \headheight=12.0pt
* \headsep=25.0pt
* \topskip=10.0pt
* \footskip=30.0pt
* \marginparwidth=65.0pt
* \marginparsep=11.0pt
* \columnsep=10.0pt
* \skip\footins=9.0pt plus 4.0pt minus 2.0pt
* \hoffset=0.0pt
* \voffset=0.0pt
* \mag=1000
* \@twocolumnfalse
* \@twosidefalse
* \@mparswitchfalse
* \@reversemarginfalse
* (1in=72.27pt=25.4mm, 1cm=28.453pt)

(/usr/share/texlive/texmf-dist/tex/context/base/mkii/supp-pdf.mkii
[Loading MPS to PDF converter (version 2006.09.02).]
\scratchcounter=\count275
\scratchdimen=\dimen163
\scratchbox=\box50
\nofMPsegments=\count276
\nofMParguments=\count277
\everyMPshowfont=\toks26
\MPscratchCnt=\count278
\MPscratchDim=\dimen164
\MPnumerator=\count279
\makeMPintoPDFobject=\count280
\everyMPtoPDFconversion=\toks27
) (/usr/share/texlive/texmf-dist/tex/latex/epstopdf-pkg/epstopdf-base.sty
Package: epstopdf-base 2020-01-24 v2.11 Base part for package epstopdf
Package epstopdf-base Info: Redefining graphics rule for `.eps' on input line 4
85.
(/usr/share/texlive/texmf-dist/tex/latex/latexconfig/epstopdf-sys.cfg
File: epstopdf-sys.cfg 2010/07/13 v1.3 Configuration of (r)epstopdf for TeX Liv
e
))
LaTeX Font Info:    Trying to load font information for OT1+lmr on input line 1
13.
(/usr/share/texmf/tex/latex/lm/ot1lmr.fd
File: ot1lmr.fd 2009/10/30 v1.6 Font defs for Latin Modern
)
LaTeX Font Info:    Trying to load font information for OML+lmm on input line 1
13.
(/usr/share/texmf/tex/latex/lm/omllmm.fd
File: omllmm.fd 2009/10/30 v1.6 Font defs for Latin Modern
)
LaTeX Font Info:    Trying to load font information for OMS+lmsy on input line 
113.
(/usr/share/texmf/tex/latex/lm/omslmsy.fd
File: omslmsy.fd 2009/10/30 v1.6 Font defs for Latin Modern
)
LaTeX Font Info:    Trying to load font information for OMX+lmex on input line 
113.
(/usr/share/texmf/tex/latex/lm/omxlmex.fd
File: omxlmex.fd 2009/10/30 v1.6 Font defs for Latin Modern
)
LaTeX Font Info:    External font `lmex10' loaded for size
(Font)              <12> on input line 113.
LaTeX Font Info:    External font `lmex10' loaded for size
(Font)              <8> on input line 113.
LaTeX Font Info:    External font `lmex10' loaded for size
(Font)              <6> on input line 113.
LaTeX Font Info:    Trying to load font information for U+msa on input line 113
.
(/usr/share/texlive/texmf-dist/tex/latex/amsfonts/umsa.fd
File: umsa.fd 2013/01/14 v3.01 AMS symbols A
) (/usr/share/texlive/texmf-dist/tex/latex/microtype/mt-msa.cfg
File: mt-msa.cfg 2006/02/04 v1.1 microtype config. file: AMS symbols (a) (RS)
)
LaTeX Font Info:    Trying to load font information for U+msb on input line 113
.
(/usr/share/texlive/texmf-dist/tex/latex/amsfonts/umsb.fd
File: umsb.fd 2013/01/14 v3.01 AMS symbols B
) (/usr/share/texlive/texmf-dist/tex/latex/microtype/mt-msb.cfg
File: mt-msb.cfg 2005/06/01 v1.0 microtype config. file: AMS symbols (b) (RS)
)
LaTeX Font Info:    Trying to load font information for T1+lmtt on input line 1
17.
(/usr/share/texmf/tex/latex/lm/t1lmtt.fd
File: t1lmtt.fd 2009/10/30 v1.6 Font defs for Latin Modern
)
LaTeX Font Info:    External font `lmex10' loaded for size
(Font)              <10> on input line 121.
LaTeX Font Info:    External font `lmex10' loaded for size
(Font)              <7> on input line 121.
LaTeX Font Info:    External font `lmex10' loaded for size
(Font)              <5> on input line 121.
</home/bmp22/Dropbox/Talks/figures/SimpleNetwork.png, id=46, 625.3764pt x 362.3
136pt>
File: /home/bmp22/Dropbox/Talks/figures/SimpleNetwork.png Graphic file (type pn
g)
<use /home/bmp22/Dropbox/Talks/figures/SimpleNetwork.png>
Package pdftex.def Info: /home/bmp22/Dropbox/Talks/figures/SimpleNetwork.png  u
sed on input line 137.
(pdftex.def)             Requested size: 188.206pt x 109.03767pt.
LaTeX Font Info:    Trying to load font information for TS1+lmr on input line 1
58.
(/usr/share/texmf/tex/latex/lm/ts1lmr.fd
File: ts1lmr.fd 2009/10/30 v1.6 Font defs for Latin Modern
)
Underfull \hbox (badness 10000) in paragraph at lines 164--166

 []

[1

{/var/lib/texmf/fonts/map/pdftex/updmap/pdftex.map} </home/bmp22/Dropbox/Talks/
figures/SimpleNetwork.png>]
LaTeX Font Info:    Font shape `T1/lmtt/bx/n' in size <10> not available
(Font)              Font shape `T1/lmtt/b/n' tried instead on input line 179.
</tmp/Rtmp5XBH2Z/preview-246dd52ef89e1.dir/ExhaustiveSearch_files/figure-latex/
unnamed-chunk-3-1.pdf, id=68, 469.755pt x 325.215pt>
File: /tmp/Rtmp5XBH2Z/preview-246dd52ef89e1.dir/ExhaustiveSearch_files/figure-l
atex/unnamed-chunk-3-1.pdf Graphic file (type pdf)
<use /tmp/Rtmp5XBH2Z/preview-246dd52ef89e1.dir/ExhaustiveSearch_files/figure-la
tex/unnamed-chunk-3-1.pdf>
Package pdftex.def Info: /tmp/Rtmp5XBH2Z/preview-246dd52ef89e1.dir/ExhaustiveSe
arch_files/figure-latex/unnamed-chunk-3-1.pdf  used on input line 200.
(pdftex.def)             Requested size: 469.75386pt x 325.2142pt.
[2 </tmp/Rtmp5XBH2Z/preview-246dd52ef89e1.dir/ExhaustiveSearch_files/figure-lat
ex/unnamed-chunk-3-1.pdf>]
</tmp/Rtmp5XBH2Z/preview-246dd52ef89e1.dir/ExhaustiveSearch_files/figure-latex/
unnamed-chunk-5-1.pdf, id=81, 469.755pt x 325.215pt>
File: /tmp/Rtmp5XBH2Z/preview-246dd52ef89e1.dir/ExhaustiveSearch_files/figure-l
atex/unnamed-chunk-5-1.pdf Graphic file (type pdf)
<use /tmp/Rtmp5XBH2Z/preview-246dd52ef89e1.dir/ExhaustiveSearch_files/figure-la
tex/unnamed-chunk-5-1.pdf>
Package pdftex.def Info: /tmp/Rtmp5XBH2Z/preview-246dd52ef89e1.dir/ExhaustiveSe
arch_files/figure-latex/unnamed-chunk-5-1.pdf  used on input line 272.
(pdftex.def)             Requested size: 469.75386pt x 325.2142pt.
[3] [4 </tmp/Rtmp5XBH2Z/preview-246dd52ef89e1.dir/ExhaustiveSearch_files/figure
-latex/unnamed-chunk-5-1.pdf>]
</tmp/Rtmp5XBH2Z/preview-246dd52ef89e1.dir/ExhaustiveSearch_files/figure-latex/
unnamed-chunk-6-1.pdf, id=95, 469.755pt x 325.215pt>
File: /tmp/Rtmp5XBH2Z/preview-246dd52ef89e1.dir/ExhaustiveSearch_files/figure-l
atex/unnamed-chunk-6-1.pdf Graphic file (type pdf)
<use /tmp/Rtmp5XBH2Z/preview-246dd52ef89e1.dir/ExhaustiveSearch_files/figure-la
tex/unnamed-chunk-6-1.pdf>
Package pdftex.def Info: /tmp/Rtmp5XBH2Z/preview-246dd52ef89e1.dir/ExhaustiveSe
arch_files/figure-latex/unnamed-chunk-6-1.pdf  used on input line 357.
(pdftex.def)             Requested size: 469.75386pt x 325.2142pt.
[5] [6 </tmp/Rtmp5XBH2Z/preview-246dd52ef89e1.dir/ExhaustiveSearch_files/figure
-latex/unnamed-chunk-6-1.pdf>]
</tmp/Rtmp5XBH2Z/preview-246dd52ef89e1.dir/ExhaustiveSearch_files/figure-latex/
misspecification-1.pdf, id=109, 469.755pt x 325.215pt>
File: /tmp/Rtmp5XBH2Z/preview-246dd52ef89e1.dir/ExhaustiveSearch_files/figure-l
atex/misspecification-1.pdf Graphic file (type pdf)
<use /tmp/Rtmp5XBH2Z/preview-246dd52ef89e1.dir/ExhaustiveSearch_files/figure-la
tex/misspecification-1.pdf>
Package pdftex.def Info: /tmp/Rtmp5XBH2Z/preview-246dd52ef89e1.dir/ExhaustiveSe
arch_files/figure-latex/misspecification-1.pdf  used on input line 443.
(pdftex.def)             Requested size: 469.75386pt x 325.2142pt.
[7]
</tmp/Rtmp5XBH2Z/preview-246dd52ef89e1.dir/ExhaustiveSearch_files/figure-latex/
unnamed-chunk-7-1.pdf, id=115, 469.755pt x 325.215pt>
File: /tmp/Rtmp5XBH2Z/preview-246dd52ef89e1.dir/ExhaustiveSearch_files/figure-l
atex/unnamed-chunk-7-1.pdf Graphic file (type pdf)
<use /tmp/Rtmp5XBH2Z/preview-246dd52ef89e1.dir/ExhaustiveSearch_files/figure-la
tex/unnamed-chunk-7-1.pdf>
Package pdftex.def Info: /tmp/Rtmp5XBH2Z/preview-246dd52ef89e1.dir/ExhaustiveSe
arch_files/figure-latex/unnamed-chunk-7-1.pdf  used on input line 480.
(pdftex.def)             Requested size: 469.75386pt x 325.2142pt.
[8 </tmp/Rtmp5XBH2Z/preview-246dd52ef89e1.dir/ExhaustiveSearch_files/figure-lat
ex/misspecification-1.pdf>] [9 </tmp/Rtmp5XBH2Z/preview-246dd52ef89e1.dir/Exhau
stiveSearch_files/figure-latex/unnamed-chunk-7-1.pdf>]
</tmp/Rtmp5XBH2Z/preview-246dd52ef89e1.dir/ExhaustiveSearch_files/figure-latex/
unnamed-chunk-9-1.pdf, id=137, 469.755pt x 325.215pt>
File: /tmp/Rtmp5XBH2Z/preview-246dd52ef89e1.dir/ExhaustiveSearch_files/figure-l
atex/unnamed-chunk-9-1.pdf Graphic file (type pdf)
<use /tmp/Rtmp5XBH2Z/preview-246dd52ef89e1.dir/ExhaustiveSearch_files/figure-la
tex/unnamed-chunk-9-1.pdf>
Package pdftex.def Info: /tmp/Rtmp5XBH2Z/preview-246dd52ef89e1.dir/ExhaustiveSe
arch_files/figure-latex/unnamed-chunk-9-1.pdf  used on input line 543.
(pdftex.def)             Requested size: 469.75386pt x 325.2142pt.
[10 </tmp/Rtmp5XBH2Z/preview-246dd52ef89e1.dir/ExhaustiveSearch_files/figure-la
tex/unnamed-chunk-9-1.pdf>]
</tmp/Rtmp5XBH2Z/preview-246dd52ef89e1.dir/ExhaustiveSearch_files/figure-latex/
unnamed-chunk-11-1.pdf, id=147, 469.755pt x 325.215pt>
File: /tmp/Rtmp5XBH2Z/preview-246dd52ef89e1.dir/ExhaustiveSearch_files/figure-l
atex/unnamed-chunk-11-1.pdf Graphic file (type pdf)
<use /tmp/Rtmp5XBH2Z/preview-246dd52ef89e1.dir/ExhaustiveSearch_files/figure-la
tex/unnamed-chunk-11-1.pdf>
Package pdftex.def Info: /tmp/Rtmp5XBH2Z/preview-246dd52ef89e1.dir/ExhaustiveSe
arch_files/figure-latex/unnamed-chunk-11-1.pdf  used on input line 608.
(pdftex.def)             Requested size: 469.75386pt x 325.2142pt.
[11]
</home/bmp22/Dropbox/Talks/figures/example6nakedv3.png, id=153, 334.24875pt x 2
61.97874pt>
File: /home/bmp22/Dropbox/Talks/figures/example6nakedv3.png Graphic file (type 
png)
<use /home/bmp22/Dropbox/Talks/figures/example6nakedv3.png>
Package pdftex.def Info: /home/bmp22/Dropbox/Talks/figures/example6nakedv3.png 
 used on input line 626.
(pdftex.def)             Requested size: 188.20825pt x 147.51457pt.

LaTeX Warning: Reference `eq:linearNetworkEffects' on page 12 undefined on inpu
t line 633.

[12 </tmp/Rtmp5XBH2Z/preview-246dd52ef89e1.dir/ExhaustiveSearch_files/figure-la
tex/unnamed-chunk-11-1.pdf> </home/bmp22/Dropbox/Talks/figures/example6nakedv3.
png>]
</tmp/Rtmp5XBH2Z/preview-246dd52ef89e1.dir/ExhaustiveSearch_files/figure-latex/
Example6-1.pdf, id=167, 469.755pt x 325.215pt>
File: /tmp/Rtmp5XBH2Z/preview-246dd52ef89e1.dir/ExhaustiveSearch_files/figure-l
atex/Example6-1.pdf Graphic file (type pdf)
<use /tmp/Rtmp5XBH2Z/preview-246dd52ef89e1.dir/ExhaustiveSearch_files/figure-la
tex/Example6-1.pdf>
Package pdftex.def Info: /tmp/Rtmp5XBH2Z/preview-246dd52ef89e1.dir/ExhaustiveSe
arch_files/figure-latex/Example6-1.pdf  used on input line 652.
(pdftex.def)             Requested size: 469.75386pt x 325.2142pt.
[13 </tmp/Rtmp5XBH2Z/preview-246dd52ef89e1.dir/ExhaustiveSearch_files/figure-la
tex/Example6-1.pdf>]
</tmp/Rtmp5XBH2Z/preview-246dd52ef89e1.dir/ExhaustiveSearch_files/figure-latex/
unnamed-chunk-13-1.pdf, id=178, 469.755pt x 325.215pt>
File: /tmp/Rtmp5XBH2Z/preview-246dd52ef89e1.dir/ExhaustiveSearch_files/figure-l
atex/unnamed-chunk-13-1.pdf Graphic file (type pdf)
<use /tmp/Rtmp5XBH2Z/preview-246dd52ef89e1.dir/ExhaustiveSearch_files/figure-la
tex/unnamed-chunk-13-1.pdf>
Package pdftex.def Info: /tmp/Rtmp5XBH2Z/preview-246dd52ef89e1.dir/ExhaustiveSe
arch_files/figure-latex/unnamed-chunk-13-1.pdf  used on input line 726.
(pdftex.def)             Requested size: 469.75386pt x 325.2142pt.
[14]
</tmp/Rtmp5XBH2Z/preview-246dd52ef89e1.dir/ExhaustiveSearch_files/figure-latex/
Similar plot for phi_2-1.pdf, id=183, 469.755pt x 325.215pt>
File: /tmp/Rtmp5XBH2Z/preview-246dd52ef89e1.dir/ExhaustiveSearch_files/figure-l
atex/Similar plot for phi_2-1.pdf Graphic file (type pdf)
<use /tmp/Rtmp5XBH2Z/preview-246dd52ef89e1.dir/ExhaustiveSearch_files/figure-la
tex/Similar plot for phi_2-1.pdf>
Package pdftex.def Info: /tmp/Rtmp5XBH2Z/preview-246dd52ef89e1.dir/ExhaustiveSe
arch_files/figure-latex/Similar plot for phi_2-1.pdf  used on input line 743.
(pdftex.def)             Requested size: 469.75386pt x 325.2142pt.
Package atveryend Info: Empty hook `BeforeClearDocument' on input line 745.
[15 </tmp/Rtmp5XBH2Z/preview-246dd52ef89e1.dir/ExhaustiveSearch_files/figure-la
tex/unnamed-chunk-13-1.pdf>] [16 </tmp/Rtmp5XBH2Z/preview-246dd52ef89e1.dir/Exh
austiveSearch_files/figure-latex/Similar plot for phi_2-1.pdf>]
Package atveryend Info: Empty hook `AfterLastShipout' on input line 745.
(./ExhaustiveSearch.aux)
Package atveryend Info: Executing hook `AtVeryEndDocument' on input line 745.
Package atveryend Info: Executing hook `AtEndAfterFileList' on input line 745.
Package rerunfilecheck Info: File `ExhaustiveSearch.out' has not changed.
(rerunfilecheck)             Checksum: 9517B79C2A20B66BEAF87EA47869BA7C;1380.

LaTeX Warning: There were undefined references.


LaTeX Warning: There were multiply-defined labels.

Package atveryend Info: Empty hook `AtVeryVeryEnd' on input line 745.
 ) 
Here is how much of TeX's memory you used:
 12924 strings out of 482854
 195283 string characters out of 5956881
 471264 words of memory out of 5000000
 27918 multiletter control sequences out of 15000+600000
 580396 words of font info for 109 fonts, out of 8000000 for 9000
 14 hyphenation exceptions out of 8191
 43i,7n,42p,1021b,364s stack positions out of 5000i,500n,10000p,200000b,80000s
{/usr/share/texmf/fonts/enc/dvips/lm/lm-mathsy.enc}{/usr/share/texmf/fonts/en
c/dvips/lm/lm-ec.enc}{/usr/share/texmf/fonts/enc/dvips/lm/lm-ts1.enc}{/usr/shar
e/texmf/fonts/enc/dvips/lm/lm-mathex.enc}{/usr/share/texmf/fonts/enc/dvips/lm/l
m-rm.enc}{/usr/share/texmf/fonts/enc/dvips/lm/lm-mathit.enc}</usr/share/texmf/f
onts/type1/public/lm/lmbx10.pfb></usr/share/texmf/fonts/type1/public/lm/lmex10.
pfb></usr/share/texmf/fonts/type1/public/lm/lmmi10.pfb></usr/share/texmf/fonts/
type1/public/lm/lmmi7.pfb></usr/share/texmf/fonts/type1/public/lm/lmr10.pfb></u
sr/share/texmf/fonts/type1/public/lm/lmr17.pfb></usr/share/texmf/fonts/type1/pu
blic/lm/lmr7.pfb></usr/share/texmf/fonts/type1/public/lm/lmri10.pfb></usr/share
/texmf/fonts/type1/public/lm/lmsy7.pfb></usr/share/texmf/fonts/type1/public/lm/
lmtk10.pfb></usr/share/texmf/fonts/type1/public/lm/lmtt10.pfb></usr/share/texmf
/fonts/type1/public/lm/lmtti10.pfb>
Output written on ExhaustiveSearch.pdf (16 pages, 475942 bytes).
PDF statistics:
 259 PDF objects out of 1000 (max. 8388607)
 202 compressed objects within 3 object streams
 33 named destinations out of 1000 (max. 500000)
 12429 words of extra memory for PDF output out of 14400 (max. 10000000)

